-------------------------------------------------------------------------------
Test set: TestSuite
-------------------------------------------------------------------------------
Tests run: 1, Failures: 1, Errors: 0, Skipped: 0, Time elapsed: 29.258 s <<< FAILURE! - in TestSuite
homePageTitleTest(com.pom.qa.tests.HomePageTests)  Time elapsed: 0.05 s  <<< FAILURE!
java.lang.AssertionError: expected [Facebook – log in or sign up] but found []
	at com.pom.qa.tests.HomePageTests.homePageTitleTest(HomePageTests.java:28)

