<?xml version="1.0" encoding="UTF-8"?>
<testng-results skipped="0" failed="0" ignored="0" total="1" passed="1">
  <reporter-output>
  </reporter-output>
  <suite name="POM" duration-ms="15189" started-at="2020-01-24T01:03:10Z" finished-at="2020-01-24T01:03:25Z">
    <groups>
    </groups>
    <test name="Smoke" duration-ms="15189" started-at="2020-01-24T01:03:10Z" finished-at="2020-01-24T01:03:25Z">
      <class name="com.pom.qa.tests.HomePageTests">
        <test-method status="PASS" signature="setup()[pri:0, instance:com.pom.qa.tests.HomePageTests@42e26948]" name="setup" is-config="true" duration-ms="14393" started-at="2020-01-24T01:03:10Z" finished-at="2020-01-24T01:03:24Z">
          <reporter-output>
          </reporter-output>
        </test-method> <!-- setup -->
        <test-method status="PASS" signature="homePageTitleTest()[pri:0, instance:com.pom.qa.tests.HomePageTests@42e26948]" name="homePageTitleTest" duration-ms="20" started-at="2020-01-24T01:03:24Z" finished-at="2020-01-24T01:03:24Z">
          <reporter-output>
          </reporter-output>
        </test-method> <!-- homePageTitleTest -->
        <test-method status="PASS" signature="tearDown()[pri:0, instance:com.pom.qa.tests.HomePageTests@42e26948]" name="tearDown" is-config="true" duration-ms="751" started-at="2020-01-24T01:03:24Z" finished-at="2020-01-24T01:03:25Z">
          <reporter-output>
          </reporter-output>
        </test-method> <!-- tearDown -->
      </class> <!-- com.pom.qa.tests.HomePageTests -->
    </test> <!-- Smoke -->
  </suite> <!-- POM -->
</testng-results>
